2025-11-18 16:39:39,699 [INFO] Activator:176 - 


2025-11-18 16:39:39,703 [INFO] Activator:177 - !SESSION log4j initialized
2025-11-18 16:39:43,733 [INFO] LogOutputStream:77 - [STDOUT_REDIRECT] 
2025-11-18 16:40:26,244 [INFO] ApplicationProperties:184 - Using Application install path: C:\ST\STM32CubeIDE_1.16.1\STM32CubeIDE\plugins\com.st.stm32cube.common.mx_6.15.0.202507011659
2025-11-18 16:40:26,269 [INFO] DbMcusXml:78 - Set database path to: C:\ST\STM32CubeIDE_1.16.1\STM32CubeIDE\plugins\com.st.stm32cube.common.mx_6.15.0.202507011659\\db\/mcu/
2025-11-18 16:40:26,269 [INFO] ApiDb:274 - Set plugin database path to: C:\ST\STM32CubeIDE_1.16.1\STM32CubeIDE\plugins\com.st.stm32cube.common.mx_6.15.0.202507011659\\db\/plugins/boardmanager/
2025-11-18 16:40:26,270 [WARN] ApiDb:259 - Overriding images path with different value:  => C:\ST\STM32CubeIDE_1.16.1\STM32CubeIDE\plugins\com.st.stm32cube.common.mx_6.15.0.202507011659\\db\/plugins/mcufinder/images/
2025-11-18 16:40:26,282 [INFO] ApiDb:250 - Set database path to: C:\Users\JAI RAJA SARAVANAM\.stmcufinder\plugins\mcufinder//mcu/
2025-11-18 16:40:26,284 [INFO] DbMcusAds:125 - Set database path to: C:\Users\JAI RAJA SARAVANAM\.stmcufinder\plugins\mcufinder//mcu/
2025-11-18 16:40:27,344 [INFO] CrossReferenceDbSqlite:203 - Set database path to: C:\Users\JAI RAJA SARAVANAM\.stmcufinder\plugins\mcufinder//mcu/cs/
2025-11-18 16:40:27,531 [INFO] RulesReader:64 - Compatibility file has been processed (317 Rules)
2025-11-18 16:40:27,635 [INFO] DbMcusXml:78 - Set database path to: C:\ST\STM32CubeIDE_1.16.1\STM32CubeIDE\plugins\com.st.stm32cube.common.mx_6.15.0.202507011659\\db\/mcu/
2025-11-18 16:40:27,636 [INFO] ApiDb:274 - Set plugin database path to: C:\ST\STM32CubeIDE_1.16.1\STM32CubeIDE\plugins\com.st.stm32cube.common.mx_6.15.0.202507011659\\db\/plugins/boardmanager/
2025-11-18 16:40:27,636 [INFO] ApiDb:261 - Set plugin images path to: C:\ST\STM32CubeIDE_1.16.1\STM32CubeIDE\plugins\com.st.stm32cube.common.mx_6.15.0.202507011659\\db\/plugins/mcufinder/images/
2025-11-18 16:40:27,636 [WARN] DbFile:41 - Overriding database path with different value: C:\Users\JAI RAJA SARAVANAM\.stmcufinder\plugins\mcufinder/ => C:\Users\JAI RAJA SARAVANAM\.stmcufinder\plugins\mcufinder
2025-11-18 16:40:27,636 [INFO] ApiDb:250 - Set database path to: C:\Users\JAI RAJA SARAVANAM\.stmcufinder\plugins\mcufinder//mcu/
2025-11-18 16:40:27,636 [WARN] DbFile:41 - Overriding database path with different value: C:\Users\JAI RAJA SARAVANAM\.stmcufinder\plugins\mcufinder/ => C:\Users\JAI RAJA SARAVANAM\.stmcufinder\plugins\mcufinder
2025-11-18 16:40:27,636 [INFO] DbMcusAds:125 - Set database path to: C:\Users\JAI RAJA SARAVANAM\.stmcufinder\plugins\mcufinder//mcu/
2025-11-18 16:40:27,636 [WARN] DbFile:41 - Overriding database path with different value: C:\Users\JAI RAJA SARAVANAM\.stmcufinder\plugins\mcufinder/ => C:\Users\JAI RAJA SARAVANAM\.stmcufinder\plugins\mcufinder
2025-11-18 16:40:27,637 [WARN] DbFile:41 - Overriding database path with different value: C:\Users\JAI RAJA SARAVANAM\.stmcufinder\plugins\mcufinder/ => C:\Users\JAI RAJA SARAVANAM\.stmcufinder\plugins\mcufinder
2025-11-18 16:40:27,637 [INFO] CrossReferenceDbSqlite:203 - Set database path to: C:\Users\JAI RAJA SARAVANAM\.stmcufinder\plugins\mcufinder//mcu/cs/
2025-11-18 16:40:27,747 [INFO] MainPanel:274 - HeapMemory: 476053504
2025-11-18 16:40:27,900 [INFO] DbMcusXml:78 - Set database path to: C:\ST\STM32CubeIDE_1.16.1\STM32CubeIDE\plugins\com.st.stm32cube.common.mx_6.15.0.202507011659\\db\/mcu/
2025-11-18 16:40:27,901 [INFO] ApiDb:274 - Set plugin database path to: C:\ST\STM32CubeIDE_1.16.1\STM32CubeIDE\plugins\com.st.stm32cube.common.mx_6.15.0.202507011659\\db\/plugins/boardmanager/
2025-11-18 16:40:27,901 [INFO] ApiDb:261 - Set plugin images path to: C:\ST\STM32CubeIDE_1.16.1\STM32CubeIDE\plugins\com.st.stm32cube.common.mx_6.15.0.202507011659\\db\/plugins/mcufinder/images/
2025-11-18 16:40:27,901 [WARN] DbFile:41 - Overriding database path with different value: C:\Users\JAI RAJA SARAVANAM\.stmcufinder\plugins\mcufinder/ => C:\Users\JAI RAJA SARAVANAM\.stmcufinder\plugins\mcufinder
2025-11-18 16:40:27,901 [INFO] ApiDb:250 - Set database path to: C:\Users\JAI RAJA SARAVANAM\.stmcufinder\plugins\mcufinder//mcu/
2025-11-18 16:40:27,901 [WARN] DbFile:41 - Overriding database path with different value: C:\Users\JAI RAJA SARAVANAM\.stmcufinder\plugins\mcufinder/ => C:\Users\JAI RAJA SARAVANAM\.stmcufinder\plugins\mcufinder
2025-11-18 16:40:27,901 [INFO] DbMcusAds:125 - Set database path to: C:\Users\JAI RAJA SARAVANAM\.stmcufinder\plugins\mcufinder//mcu/
2025-11-18 16:40:27,901 [WARN] DbFile:41 - Overriding database path with different value: C:\Users\JAI RAJA SARAVANAM\.stmcufinder\plugins\mcufinder/ => C:\Users\JAI RAJA SARAVANAM\.stmcufinder\plugins\mcufinder
2025-11-18 16:40:27,901 [WARN] DbFile:41 - Overriding database path with different value: C:\Users\JAI RAJA SARAVANAM\.stmcufinder\plugins\mcufinder/ => C:\Users\JAI RAJA SARAVANAM\.stmcufinder\plugins\mcufinder
2025-11-18 16:40:27,902 [INFO] CrossReferenceDbSqlite:203 - Set database path to: C:\Users\JAI RAJA SARAVANAM\.stmcufinder\plugins\mcufinder//mcu/cs/
2025-11-18 16:40:27,932 [INFO] ApplicationProperties:184 - Using Application install path: C:\ST\STM32CubeIDE_1.16.1\STM32CubeIDE\plugins\com.st.stm32cube.common.mx_6.15.0.202507011659
2025-11-18 16:40:27,935 [INFO] PluginManage:196 - Search for loadable plugins [exclusion list=, ]
2025-11-18 16:40:27,936 [INFO] PluginManage:310 - Check plugin analytics
2025-11-18 16:40:28,183 [INFO] AnalyticsPlugin:253 - Accepted Software Licenses: 
2025-11-18 16:40:28,184 [INFO] AnalyticsPlugin:255 - Accepted CMSIS Pack Licenses: 
2025-11-18 16:40:28,184 [INFO] AnalyticsPlugin:257 - Accepted Firmware Licenses: 
2025-11-18 16:40:28,184 [INFO] PluginManage:359 - Loaded plugin analytics (category:tool,tabindex:-1)
2025-11-18 16:40:28,185 [INFO] PluginManage:310 - Check plugin cadmodel
2025-11-18 16:40:28,191 [INFO] CADModel:105 - Init CAD model plugin
2025-11-18 16:40:28,191 [INFO] PluginManage:359 - Loaded plugin cadmodel (category:power,tabindex:5)
2025-11-18 16:40:28,193 [INFO] PluginManage:310 - Check plugin clock
2025-11-18 16:40:28,207 [INFO] PluginManage:359 - Loaded plugin clock (category:base,tabindex:2)
2025-11-18 16:40:28,208 [INFO] PluginManage:310 - Check plugin ddr
2025-11-18 16:40:28,212 [INFO] PluginManage:359 - Loaded plugin ddr (category:tool,tabindex:6)
2025-11-18 16:40:28,212 [INFO] PluginManage:310 - Check plugin filemanager
2025-11-18 16:40:28,393 [INFO] PluginManage:359 - Loaded plugin filemanager (category:base,tabindex:10)
2025-11-18 16:40:28,393 [INFO] PluginManage:310 - Check plugin ipmanager
2025-11-18 16:40:28,405 [INFO] PluginManage:359 - Loaded plugin ipmanager (category:base,tabindex:5)
2025-11-18 16:40:28,406 [INFO] PluginManage:310 - Check plugin lpbam
2025-11-18 16:40:28,419 [INFO] PluginManage:359 - Loaded plugin lpbam (category:base,tabindex:0)
2025-11-18 16:40:28,419 [INFO] PluginManage:310 - Check plugin memorymap
2025-11-18 16:40:28,442 [INFO] PluginManage:359 - Loaded plugin memorymap (category:base,tabindex:4)
2025-11-18 16:40:28,443 [INFO] PluginManage:310 - Check plugin pinoutandconfiguration
2025-11-18 16:40:28,453 [INFO] PluginManage:359 - Loaded plugin pinoutandconfiguration (category:base,tabindex:1)
2025-11-18 16:40:28,453 [INFO] PluginManage:310 - Check plugin pinoutconfig
2025-11-18 16:40:28,571 [WARN] SupportedApi:132 - Cannot load RTOS API schema: s4s-elt-must-match.1: The content of 'definitions' must match (annotation?, (simpleType | complexType)?, (unique | key | keyref)*)). A problem was found starting at: attribute.
2025-11-18 16:40:28,773 [INFO] PluginManage:359 - Loaded plugin pinoutconfig (category:base,tabindex:0)
2025-11-18 16:40:28,773 [INFO] PluginManage:310 - Check plugin power
2025-11-18 16:40:28,782 [INFO] PluginManage:359 - Loaded plugin power (category:power,tabindex:4)
2025-11-18 16:40:28,782 [INFO] PluginManage:310 - Check plugin projectmanager
2025-11-18 16:40:28,804 [INFO] PluginManage:359 - Loaded plugin projectmanager (category:projectmanager,tabindex:4)
2025-11-18 16:40:28,804 [INFO] PluginManage:310 - Check plugin rif
2025-11-18 16:40:28,824 [INFO] PluginManage:359 - Loaded plugin rif (category:base,tabindex:3)
2025-11-18 16:40:28,824 [INFO] PluginManage:310 - Check plugin thirdparty
2025-11-18 16:40:29,018 [WARN] IntegrityCheckThread:84 - waiting for thirdparty lock release [integrity check]
2025-11-18 16:40:29,019 [INFO] PluginManage:359 - Loaded plugin thirdparty (category:base,tabindex:-1)
2025-11-18 16:40:29,019 [INFO] IntegrityCheckThread:86 - entering critical section [integrity check]
2025-11-18 16:40:29,020 [INFO] PluginManage:310 - Check plugin tools
2025-11-18 16:40:29,020 [INFO] ThirdPartyUpdaterWithRetryManager:70 - Updater plugin not ready yet. [1/15]
2025-11-18 16:40:29,024 [INFO] PluginManage:359 - Loaded plugin tools (category:base,tabindex:7)
2025-11-18 16:40:29,024 [INFO] PluginManage:310 - Check plugin tutovideos
2025-11-18 16:40:29,285 [INFO] PluginManage:359 - Loaded plugin tutovideos (category:base,tabindex:-1)
2025-11-18 16:40:29,285 [INFO] PluginManage:310 - Check plugin updater
2025-11-18 16:40:29,309 [INFO] PluginManage:359 - Loaded plugin updater (category:base,tabindex:12)
2025-11-18 16:40:29,309 [INFO] PluginManage:310 - Check plugin userauth
2025-11-18 16:40:29,317 [INFO] UserAuth:118 - Init User Auth plugin
2025-11-18 16:40:29,318 [INFO] PluginManage:359 - Loaded plugin userauth (category:base,tabindex:14)
2025-11-18 16:40:29,318 [INFO] PluginManage:283 - PluginManage : Loaded plugins [18]
2025-11-18 16:40:29,839 [INFO] PinOutPanel:1589 - setPackage(No Configuration,No Configuration)
2025-11-18 16:40:29,964 [INFO] CADModel:165 - CPN selected for project level
2025-11-18 16:40:29,964 [INFO] CADModel:114 - Register for checkConnection events
2025-11-18 16:40:29,984 [INFO] IPUIPlugin:80 - create IPUIPlugin
2025-11-18 16:40:29,985 [INFO] PluginManager:220 - loadIPPluginJar : add adc
2025-11-18 16:40:29,989 [INFO] IPUIPlugin:80 - create IPUIPlugin
2025-11-18 16:40:29,989 [INFO] PluginManager:220 - loadIPPluginJar : add aes
2025-11-18 16:40:29,993 [INFO] IPUIPlugin:80 - create IPUIPlugin
2025-11-18 16:40:29,994 [INFO] PluginManager:220 - loadIPPluginJar : add can
2025-11-18 16:40:29,997 [INFO] IPUIPlugin:80 - create IPUIPlugin
2025-11-18 16:40:29,997 [INFO] PluginManager:220 - loadIPPluginJar : add comp
2025-11-18 16:40:30,000 [INFO] IPUIPlugin:80 - create IPUIPlugin
2025-11-18 16:40:30,000 [INFO] PluginManager:220 - loadIPPluginJar : add cryp
2025-11-18 16:40:30,004 [INFO] IPUIPlugin:80 - create IPUIPlugin
2025-11-18 16:40:30,004 [INFO] PluginManager:220 - loadIPPluginJar : add ddr_ctrl_phy
2025-11-18 16:40:30,010 [INFO] IPUIPlugin:80 - create IPUIPlugin
2025-11-18 16:40:30,010 [INFO] PluginManager:220 - loadIPPluginJar : add dfsdm
2025-11-18 16:40:30,017 [INFO] IPUIPlugin:80 - create IPUIPlugin
2025-11-18 16:40:30,017 [INFO] PluginManager:220 - loadIPPluginJar : add dma
2025-11-18 16:40:30,022 [INFO] IPUIPlugin:80 - create IPUIPlugin
2025-11-18 16:40:30,022 [INFO] PluginManager:220 - loadIPPluginJar : add dma3
2025-11-18 16:40:30,025 [INFO] IPUIPlugin:80 - create IPUIPlugin
2025-11-18 16:40:30,026 [INFO] PluginManager:220 - loadIPPluginJar : add extmemmanager
2025-11-18 16:40:30,027 [INFO] IPUIPlugin:80 - create IPUIPlugin
2025-11-18 16:40:30,027 [INFO] PluginManager:220 - loadIPPluginJar : add fatfs
2025-11-18 16:40:30,033 [INFO] IPUIPlugin:80 - create IPUIPlugin
2025-11-18 16:40:30,033 [INFO] PluginManager:220 - loadIPPluginJar : add fmc
2025-11-18 16:40:30,039 [INFO] IPUIPlugin:80 - create IPUIPlugin
2025-11-18 16:40:30,039 [INFO] PluginManager:220 - loadIPPluginJar : add freertos
2025-11-18 16:40:30,041 [INFO] IPUIPlugin:80 - create IPUIPlugin
2025-11-18 16:40:30,041 [INFO] PluginManager:220 - loadIPPluginJar : add genericplugin
2025-11-18 16:40:30,043 [INFO] IPUIPlugin:80 - create IPUIPlugin
2025-11-18 16:40:30,043 [INFO] PluginManager:220 - loadIPPluginJar : add gfxmmu
2025-11-18 16:40:30,048 [INFO] IPUIPlugin:80 - create IPUIPlugin
2025-11-18 16:40:30,049 [INFO] PluginManager:220 - loadIPPluginJar : add gic
2025-11-18 16:40:30,055 [INFO] IPUIPlugin:80 - create IPUIPlugin
2025-11-18 16:40:30,055 [INFO] PluginManager:220 - loadIPPluginJar : add gpio
2025-11-18 16:40:30,059 [INFO] IPUIPlugin:80 - create IPUIPlugin
2025-11-18 16:40:30,059 [INFO] PluginManager:220 - loadIPPluginJar : add gtzc
2025-11-18 16:40:30,063 [INFO] IPUIPlugin:80 - create IPUIPlugin
2025-11-18 16:40:30,063 [INFO] PluginManager:220 - loadIPPluginJar : add hash
2025-11-18 16:40:30,066 [INFO] IPUIPlugin:80 - create IPUIPlugin
2025-11-18 16:40:30,067 [INFO] PluginManager:220 - loadIPPluginJar : add i2c
2025-11-18 16:40:30,070 [INFO] IPUIPlugin:80 - create IPUIPlugin
2025-11-18 16:40:30,071 [INFO] PluginManager:220 - loadIPPluginJar : add i2s
2025-11-18 16:40:30,075 [INFO] IPUIPlugin:80 - create IPUIPlugin
2025-11-18 16:40:30,076 [INFO] PluginManager:220 - loadIPPluginJar : add i3c
2025-11-18 16:40:30,082 [INFO] IPUIPlugin:80 - create IPUIPlugin
2025-11-18 16:40:30,082 [INFO] PluginManager:220 - loadIPPluginJar : add ipddr
2025-11-18 16:40:30,090 [INFO] IPUIPlugin:80 - create IPUIPlugin
2025-11-18 16:40:30,091 [INFO] PluginManager:220 - loadIPPluginJar : add linkedlist
2025-11-18 16:40:30,097 [INFO] IPUIPlugin:80 - create IPUIPlugin
2025-11-18 16:40:30,097 [INFO] PluginManager:220 - loadIPPluginJar : add lorawan
2025-11-18 16:40:30,100 [INFO] IPUIPlugin:80 - create IPUIPlugin
2025-11-18 16:40:30,100 [INFO] PluginManager:220 - loadIPPluginJar : add ltdc
2025-11-18 16:40:30,108 [INFO] IPUIPlugin:80 - create IPUIPlugin
2025-11-18 16:40:30,108 [INFO] PluginManager:220 - loadIPPluginJar : add mdma
2025-11-18 16:40:30,114 [INFO] IPUIPlugin:80 - create IPUIPlugin
2025-11-18 16:40:30,114 [INFO] PluginManager:220 - loadIPPluginJar : add nvic
2025-11-18 16:40:30,118 [INFO] IPUIPlugin:80 - create IPUIPlugin
2025-11-18 16:40:30,118 [INFO] PluginManager:220 - loadIPPluginJar : add opamp
2025-11-18 16:40:30,123 [INFO] IPUIPlugin:80 - create IPUIPlugin
2025-11-18 16:40:30,123 [INFO] PluginManager:220 - loadIPPluginJar : add openamp
2025-11-18 16:40:30,149 [INFO] IPUIPlugin:80 - create IPUIPlugin
2025-11-18 16:40:30,149 [INFO] PluginManager:220 - loadIPPluginJar : add pdm2pcm
2025-11-18 16:40:30,161 [INFO] IPUIPlugin:80 - create IPUIPlugin
2025-11-18 16:40:30,166 [INFO] PluginManager:220 - loadIPPluginJar : add plateformsettings
2025-11-18 16:40:30,169 [INFO] IPUIPlugin:80 - create IPUIPlugin
2025-11-18 16:40:30,169 [INFO] PluginManager:220 - loadIPPluginJar : add quadspi
2025-11-18 16:40:30,172 [INFO] IPUIPlugin:80 - create IPUIPlugin
2025-11-18 16:40:30,173 [INFO] PluginManager:220 - loadIPPluginJar : add radio
2025-11-18 16:40:30,178 [INFO] IPUIPlugin:80 - create IPUIPlugin
2025-11-18 16:40:30,179 [INFO] PluginManager:220 - loadIPPluginJar : add resmgrutility
2025-11-18 16:40:30,187 [INFO] IPUIPlugin:80 - create IPUIPlugin
2025-11-18 16:40:30,187 [INFO] PluginManager:220 - loadIPPluginJar : add sai
2025-11-18 16:40:30,194 [INFO] IPUIPlugin:80 - create IPUIPlugin
2025-11-18 16:40:30,194 [INFO] PluginManager:220 - loadIPPluginJar : add spi
2025-11-18 16:40:30,208 [INFO] IPUIPlugin:80 - create IPUIPlugin
2025-11-18 16:40:30,209 [INFO] PluginManager:220 - loadIPPluginJar : add stm32_wpan
2025-11-18 16:40:30,214 [INFO] IPUIPlugin:80 - create IPUIPlugin
2025-11-18 16:40:30,215 [INFO] PluginManager:220 - loadIPPluginJar : add tim
2025-11-18 16:40:30,222 [INFO] IPUIPlugin:80 - create IPUIPlugin
2025-11-18 16:40:30,223 [INFO] PluginManager:220 - loadIPPluginJar : add touchsensing
2025-11-18 16:40:30,229 [INFO] IPUIPlugin:80 - create IPUIPlugin
2025-11-18 16:40:30,229 [INFO] PluginManager:220 - loadIPPluginJar : add tracer_emb
2025-11-18 16:40:30,233 [INFO] IPUIPlugin:80 - create IPUIPlugin
2025-11-18 16:40:30,233 [INFO] PluginManager:220 - loadIPPluginJar : add ts
2025-11-18 16:40:30,236 [INFO] IPUIPlugin:80 - create IPUIPlugin
2025-11-18 16:40:30,236 [INFO] PluginManager:220 - loadIPPluginJar : add tsc
2025-11-18 16:40:30,239 [INFO] IPUIPlugin:80 - create IPUIPlugin
2025-11-18 16:40:30,239 [INFO] PluginManager:220 - loadIPPluginJar : add ucpd
2025-11-18 16:40:30,243 [INFO] IPUIPlugin:80 - create IPUIPlugin
2025-11-18 16:40:30,245 [INFO] PluginManager:220 - loadIPPluginJar : add usart
2025-11-18 16:40:30,251 [INFO] IPUIPlugin:80 - create IPUIPlugin
2025-11-18 16:40:30,251 [INFO] PluginManager:220 - loadIPPluginJar : add usbx
2025-11-18 16:40:30,415 [FATAL] Updater:351 - Updater called before beeing initialized
2025-11-18 16:40:30,459 [INFO] RulesReader:64 - Compatibility file has been processed (317 Rules)
2025-11-18 16:40:30,481 [INFO] RulesReader:64 - Compatibility file has been processed (317 Rules)
2025-11-18 16:40:30,501 [INFO] CADModel:165 - CPN selected for project level
2025-11-18 16:40:30,501 [INFO] CADModel:114 - Register for checkConnection events
2025-11-18 16:40:30,501 [FATAL] Updater:351 - Updater called before beeing initialized
2025-11-18 16:40:30,501 [ERROR] CADModel:125 - Updater not yet initialized, retry later 
2025-11-18 16:40:30,806 [FATAL] Updater:351 - Updater called before beeing initialized
2025-11-18 16:40:30,809 [INFO] CADModel:165 - CPN selected for project level
2025-11-18 16:40:30,809 [INFO] CADModel:114 - Register for checkConnection events
2025-11-18 16:40:30,809 [FATAL] Updater:351 - Updater called before beeing initialized
2025-11-18 16:40:30,809 [ERROR] CADModel:125 - Updater not yet initialized, retry later 
2025-11-18 16:40:30,813 [FATAL] Updater:351 - Updater called before beeing initialized
2025-11-18 16:40:30,949 [FATAL] Updater:351 - Updater called before beeing initialized
2025-11-18 16:40:30,953 [INFO] DbMcusAds:53 - JSON generation date=Mon Nov 10 16:13:01 IST 2025 (1762771381096)
2025-11-18 16:40:30,954 [FATAL] Updater:351 - Updater called before beeing initialized
2025-11-18 16:40:30,995 [WARN] DetailPanel:346 - Failed to get advertising image, set to default
2025-11-18 16:40:31,099 [FATAL] Updater:351 - Updater called before beeing initialized
2025-11-18 16:40:31,100 [FATAL] Updater:351 - Updater called before beeing initialized
2025-11-18 16:40:31,101 [FATAL] Updater:351 - Updater called before beeing initialized
2025-11-18 16:40:31,101 [WARN] DetailPanel:346 - Failed to get advertising image, set to default
2025-11-18 16:40:31,101 [FATAL] Updater:351 - Updater called before beeing initialized
2025-11-18 16:40:31,157 [ERROR] Updater:1198 - MainUpdater not yet initialized. External WinMGr cannot be set.
2025-11-18 16:40:31,160 [INFO] Updater:1134 - Updater Version found : 6.15.0
2025-11-18 16:40:31,179 [INFO] ApplicationProperties:184 - Using Application install path: C:\ST\STM32CubeIDE_1.16.1\STM32CubeIDE\plugins\com.st.stm32cube.common.mx_6.15.0.202507011659
2025-11-18 16:40:32,022 [INFO] ThirdPartyUpdaterWithRetryManager:70 - Updater plugin not ready yet. [2/15]
2025-11-18 16:40:32,756 [ERROR] LogOutputStream:75 - [STDERR_REDIRECT] Nov 18, 2025 4:40:32 PM java.util.prefs.WindowsPreferences <init>
2025-11-18 16:40:32,757 [ERROR] LogOutputStream:75 - [STDERR_REDIRECT] WARNING: Could not open/create prefs root node Software\JavaSoft\Prefs at root 0xffffffff80000002. Windows RegCreateKeyEx(...) returned error code 5.
2025-11-18 16:40:32,758 [ERROR] LogOutputStream:75 - [STDERR_REDIRECT] 
2025-11-18 16:40:33,219 [INFO] MainUpdater:2872 - connection check result : 10
2025-11-18 16:40:33,220 [INFO] MainUpdater:289 - Updater Check For Update Now.
2025-11-18 16:40:33,220 [INFO] MicroXplorer:498 - Change Database Version : DB.6.0.150
2025-11-18 16:40:33,229 [INFO] McuFinderGlobals:63 - Set McuFinder mode to 2 (CubeIDE integrated)
2025-11-18 16:40:33,231 [INFO] UserAuth:487 - Internet connection configuration mode: 1
2025-11-18 16:40:33,300 [INFO] JxBrowserEngine:152 - Initiate JxBrowser Engine with user profile folder
2025-11-18 16:40:33,483 [INFO] CheckServerUpdateThread:120 - End of CheckServer Thread
2025-11-18 16:40:34,984 [INFO] WebApp:169 - Instantiating new browser for Auth
2025-11-18 16:40:35,593 [WARN] PackLoader:240 - Cannot read IP mode file for STMicroelectronics.FP-SNS-MOTENVWB1.1.4.0
2025-11-18 16:40:35,611 [WARN] PackLoader:240 - Cannot read IP mode file for STMicroelectronics.FP-ATR-ASTRA1.2.0.2
2025-11-18 16:40:35,616 [WARN] PackLoader:240 - Cannot read IP mode file for STMicroelectronics.FP-ATR-ASTRA1.2.0.1
2025-11-18 16:40:35,640 [WARN] PackLoader:240 - Cannot read IP mode file for STMicroelectronics.X-CUBE-SMBUS.2.1.0
2025-11-18 16:40:35,654 [WARN] PackLoader:240 - Cannot read IP mode file for STMicroelectronics.X-CUBE-WB05N.1.1.0
2025-11-18 16:40:35,663 [WARN] PackLoader:240 - Cannot read IP mode file for STMicroelectronics.X-CUBE-ST60.1.0.0
2025-11-18 16:40:35,704 [WARN] PackLoader:240 - Cannot read IP mode file for STMicroelectronics.X-CUBE-AZRTOS-F7.1.1.0
2025-11-18 16:40:35,783 [WARN] PackLoader:240 - Cannot read IP mode file for STMicroelectronics.X-CUBE-MEMS1.11.0.0
2025-11-18 16:40:35,885 [WARN] PackLoader:240 - Cannot read IP mode file for STMicroelectronics.FP-SNS-MOTENV1.5.1.0
2025-11-18 16:40:35,891 [WARN] PackLoader:240 - Cannot read IP mode file for STMicroelectronics.FP-SNS-FLIGHT1.5.0.2
2025-11-18 16:40:35,908 [WARN] PackLoader:240 - Cannot read IP mode file for Infineon.AIROC-Wi-Fi-Bluetooth-STM32.1.7.0
2025-11-18 16:40:35,931 [WARN] PackLoader:240 - Cannot read IP mode file for STMicroelectronics.X-CUBE-AZRTOS-H7.3.4.0
2025-11-18 16:40:35,941 [WARN] PackLoader:240 - Cannot read IP mode file for STMicroelectronics.X-CUBE-DISPLAY.3.0.0
2025-11-18 16:40:35,953 [WARN] PackLoader:240 - Cannot read IP mode file for STMicroelectronics.X-CUBE-BLE1.7.0.0
2025-11-18 16:40:35,959 [WARN] PackLoader:240 - Cannot read IP mode file for STMicroelectronics.X-CUBE-NFC10.1.0.0
2025-11-18 16:40:35,969 [WARN] PackLoader:240 - Cannot read IP mode file for STMicroelectronics.X-CUBE-BLEMGR.4.0.0
2025-11-18 16:40:35,976 [WARN] PackLoader:240 - Cannot read IP mode file for STMicroelectronics.X-CUBE-ST60.1.1.0
2025-11-18 16:40:35,982 [WARN] PackLoader:240 - Cannot read IP mode file for emotas.I-CUBE-CANOPEN.1.3.0
2025-11-18 16:40:35,989 [WARN] PackLoader:240 - Cannot read IP mode file for STMicroelectronics.X-CUBE-GNSS1.7.1.0
2025-11-18 16:40:35,997 [WARN] PackLoader:240 - Cannot read IP mode file for STMicroelectronics.X-CUBE-BLEMGR.3.1.0
2025-11-18 16:40:36,006 [WARN] PackLoader:240 - Cannot read IP mode file for STMicroelectronics.X-CUBE-AI.10.0.0
2025-11-18 16:40:36,014 [WARN] PackLoader:240 - Cannot read IP mode file for STMicroelectronics.FP-SNS-STBOX1.2.1.0
2025-11-18 16:40:36,022 [WARN] PackLoader:240 - Cannot read IP mode file for STMicroelectronics.FP-SNS-SMARTAG2.1.2.0
2025-11-18 16:40:36,026 [WARN] PackLoader:240 - Cannot read IP mode file for STMicroelectronics.FP-SNS-FLIGHT1.5.1.0
2025-11-18 16:40:36,058 [WARN] PackLoader:240 - Cannot read IP mode file for STMicroelectronics.X-CUBE-MEMS1.11.1.0
2025-11-18 16:40:36,209 [INFO] LogOutputStream:77 - [STDOUT_REDIRECT] 1 : Invalid condition id : UX_CORESTACK_Condition cause : null
2025-11-18 16:40:36,210 [INFO] LogOutputStream:77 - [STDOUT_REDIRECT] 1 : Invalid condition id : UX_CORESTACK_Condition cause : null
2025-11-18 16:40:36,211 [INFO] LogOutputStream:77 - [STDOUT_REDIRECT] 1 : Invalid condition id : UX_CORESTACK_Condition cause : null
2025-11-18 16:40:36,212 [INFO] LogOutputStream:77 - [STDOUT_REDIRECT] 1 : Invalid condition id : UX_CORESTACK_Condition cause : null
2025-11-18 16:40:36,213 [INFO] LogOutputStream:77 - [STDOUT_REDIRECT] 1 : Invalid condition id : UX_CORESTACK_Condition cause : null
2025-11-18 16:40:36,217 [WARN] PackLoader:240 - Cannot read IP mode file for STMicroelectronics.X-CUBE-AZRTOS-WL.2.0.0
2025-11-18 16:40:36,223 [WARN] PackLoader:240 - Cannot read IP mode file for STMicroelectronics.FP-SNS-MOTENV1.5.0.0
2025-11-18 16:40:36,230 [WARN] PackLoader:240 - Cannot read IP mode file for wolfSSL.I-CUBE-wolfMQTT.1.19.0
2025-11-18 16:40:36,242 [WARN] PackLoader:240 - Cannot read IP mode file for WES.I-CUBE-Cesium.1.3.0
2025-11-18 16:40:36,250 [WARN] PackLoader:240 - Cannot read IP mode file for STMicroelectronics.X-CUBE-BLE2.3.3.0
2025-11-18 16:40:36,282 [WARN] PackLoader:240 - Cannot read IP mode file for STMicroelectronics.X-CUBE-NFC9.1.0.0
2025-11-18 16:40:36,289 [WARN] PackLoader:240 - Cannot read IP mode file for STMicroelectronics.X-CUBE-BLE1.7.1.0
2025-11-18 16:40:36,299 [WARN] PackLoader:240 - Cannot read IP mode file for STMicroelectronics.X-CUBE-TCPP.4.1.0
2025-11-18 16:40:36,310 [WARN] PackLoader:240 - Cannot read IP mode file for STMicroelectronics.X-CUBE-EEPRMA1.5.2.0
2025-11-18 16:40:36,317 [WARN] PackLoader:240 - Cannot read IP mode file for STMicroelectronics.X-CUBE-ST67W61.1.1.0
2025-11-18 16:40:36,324 [WARN] PackLoader:240 - Cannot read IP mode file for STMicroelectronics.X-CUBE-AI.10.1.0
2025-11-18 16:40:36,362 [WARN] PackLoader:240 - Cannot read IP mode file for STMicroelectronics.X-CUBE-MEMS1.11.2.0
2025-11-18 16:40:36,445 [WARN] PackLoader:240 - Cannot read IP mode file for STMicroelectronics.X-CUBE-AZRTOS-G0.1.1.0
2025-11-18 16:40:36,453 [WARN] PackLoader:240 - Cannot read IP mode file for STMicroelectronics.X-CUBE-SAFEA1.1.2.2
2025-11-18 16:40:36,458 [WARN] PackLoader:240 - Cannot read IP mode file for STMicroelectronics.X-CUBE-NFC4.3.0.0
2025-11-18 16:40:36,467 [WARN] PackLoader:240 - Cannot read IP mode file for EmbeddedOffice.I-CUBE-FS-RTOS.1.0.1
2025-11-18 16:40:36,473 [WARN] PackLoader:240 - Cannot read IP mode file for STMicroelectronics.X-CUBE-WB05N.2.0.0
2025-11-18 16:40:36,478 [WARN] PackLoader:240 - Cannot read IP mode file for STMicroelectronics.X-CUBE-TCPP.4.2.0
2025-11-18 16:40:36,484 [WARN] PackLoader:240 - Cannot read IP mode file for RealThread.X-CUBE-RT-Thread_Nano.4.1.1
2025-11-18 16:40:36,488 [WARN] PackLoader:240 - Cannot read IP mode file for STMicroelectronics.FP-ATR-SIGFOX1.3.2.0
2025-11-18 16:40:36,492 [WARN] ConditionMgr:438 - getConditionDescription Invalid condition id : Cortex-A Device cause : null
2025-11-18 16:40:36,500 [WARN] ConditionMgr:1044 - genDependencies : Invalid condition id : Cortex-A Device cause : null
2025-11-18 16:40:36,500 [WARN] ConditionMgr:1044 - genDependencies : Invalid condition id : Cortex-A Device cause : null
2025-11-18 16:40:36,500 [WARN] ConditionMgr:1044 - genDependencies : Invalid condition id : Cortex-A Device cause : null
2025-11-18 16:40:36,504 [WARN] PackLoader:240 - Cannot read IP mode file for STMicroelectronics.X-CUBE-EEPRMA1.5.1.0
2025-11-18 16:40:36,509 [WARN] PackLoader:240 - Cannot read IP mode file for wolfSSL.I-CUBE-wolfSSL.5.7.4
2025-11-18 16:40:36,515 [WARN] PackLoader:240 - Cannot read IP mode file for ITTIA_DB.I-CUBE-ITTIADB.8.9.0
2025-11-18 16:40:36,523 [WARN] PackLoader:240 - Cannot read IP mode file for STMicroelectronics.X-CUBE-ST67W61.1.0.0
2025-11-18 16:40:36,527 [WARN] PackLoader:240 - Cannot read IP mode file for STMicroelectronics.X-CUBE-AI.10.2.0
2025-11-18 16:40:36,548 [WARN] PackLoader:240 - Cannot read IP mode file for SEGGER.I-CUBE-embOS.1.3.1
2025-11-18 16:40:36,575 [WARN] PackLoader:240 - Cannot read IP mode file for STMicroelectronics.X-CUBE-ALGOBUILD.1.4.0
2025-11-18 16:40:36,634 [WARN] PackLoader:240 - Cannot read IP mode file for STMicroelectronics.X-CUBE-MEMS1.11.3.0
2025-11-18 16:40:36,879 [WARN] PackLoader:240 - Cannot read IP mode file for STMicroelectronics.X-CUBE-AI.9.1.0
2025-11-18 16:40:36,901 [WARN] PackLoader:240 - Cannot read IP mode file for STMicroelectronics.X-CUBE-PM33A1.1.0.0
2025-11-18 16:40:36,945 [WARN] PackLoader:240 - Cannot read IP mode file for STMicroelectronics.X-CUBE-AZRTOS-F4.1.1.0
2025-11-18 16:40:36,965 [WARN] PackLoader:240 - Cannot read IP mode file for Avnet-IotConnect.X-CUBE-IoTC-DA16k-PMOD.1.0.0
2025-11-18 16:40:36,975 [WARN] PackLoader:240 - Cannot read IP mode file for STMicroelectronics.X-CUBE-ISPU.2.1.0
2025-11-18 16:40:36,997 [WARN] PackLoader:240 - Cannot read IP mode file for STMicroelectronics.X-CUBE-IPS.3.2.0
2025-11-18 16:40:37,013 [WARN] PackLoader:240 - Cannot read IP mode file for STMicroelectronics.X-CUBE-FREERTOS.1.2.0
2025-11-18 16:40:37,023 [WARN] PackLoader:240 - Cannot read IP mode file for STMicroelectronics.X-CUBE-NFC12.1.0.0
2025-11-18 16:40:37,051 [WARN] PackLoader:240 - Cannot read IP mode file for STMicroelectronics.X-CUBE-AZRTOS-L5.2.0.0
2025-11-18 16:40:37,065 [WARN] PackLoader:240 - Cannot read IP mode file for STMicroelectronics.X-CUBE-NFC6.3.1.0
2025-11-18 16:40:37,076 [WARN] PackLoader:240 - Cannot read IP mode file for STMicroelectronics.X-CUBE-DPower.1.2.0
2025-11-18 16:40:37,085 [WARN] PackLoader:240 - Cannot read IP mode file for STMicroelectronics.X-CUBE-FREERTOS.1.3.1
2025-11-18 16:40:37,092 [WARN] PackLoader:240 - Cannot read IP mode file for STMicroelectronics.X-CUBE-FREERTOS.1.3.0
2025-11-18 16:40:37,096 [INFO] WebApp:463 - Apply proxy settings
2025-11-18 16:40:37,097 [INFO] WebApp:548 - Chromium requires no authentication
2025-11-18 16:40:37,103 [WARN] PackLoader:240 - Cannot read IP mode file for STMicroelectronics.X-CUBE-NFC7.1.0.1
2025-11-18 16:40:37,114 [WARN] PackLoader:240 - Cannot read IP mode file for STMicroelectronics.X-CUBE-TOUCHGFX.4.26.0
2025-11-18 16:40:37,120 [WARN] PackLoader:240 - Cannot read IP mode file for STMicroelectronics.FP-SNS-STAIOTCFT.1.0.0
2025-11-18 16:40:37,125 [WARN] PackLoader:240 - Cannot read IP mode file for STMicroelectronics.X-CUBE-DPower.1.3.0
2025-11-18 16:40:37,133 [INFO] WebApp:491 - Direct internet connection detected
2025-11-18 16:40:37,143 [WARN] ConditionMgr:438 - getConditionDescription Invalid condition id : LAN8742 Phy interface Condition cause : null
2025-11-18 16:40:37,144 [WARN] PackLoader:240 - Cannot read IP mode file for STMicroelectronics.X-CUBE-AZRTOS-L4.2.0.0
2025-11-18 16:40:37,145 [WARN] ConditionMgr:1044 - genDependencies : Invalid condition id : LAN8742 Phy interface Condition cause : null
2025-11-18 16:40:37,146 [WARN] ConditionMgr:1044 - genDependencies : Invalid condition id : LAN8742 Phy interface Condition cause : null
2025-11-18 16:40:37,146 [WARN] ConditionMgr:1044 - genDependencies : Invalid condition id : LAN8742 Phy interface Condition cause : null
2025-11-18 16:40:37,153 [WARN] PackLoader:240 - Cannot read IP mode file for STMicroelectronics.X-CUBE-SFXS2LP1.4.0.0
2025-11-18 16:40:37,169 [WARN] PackLoader:240 - Cannot read IP mode file for STMicroelectronics.X-CUBE-AZRTOS-H7.3.3.0
2025-11-18 16:40:37,182 [WARN] PackLoader:240 - Cannot read IP mode file for STMicroelectronics.X-CUBE-BLEMGR.4.1.0
2025-11-18 16:40:37,195 [WARN] PackLoader:240 - Cannot read IP mode file for STMicroelectronics.X-CUBE-IPS.3.0.0
2025-11-18 16:40:37,205 [INFO] WebApp:900 - Register for checkConnection events
2025-11-18 16:40:37,205 [INFO] WebApp:463 - Apply proxy settings
2025-11-18 16:40:37,205 [INFO] WebApp:548 - Chromium requires no authentication
2025-11-18 16:40:37,206 [INFO] WebApp:491 - Direct internet connection detected
2025-11-18 16:40:37,210 [WARN] ConditionMgr:438 - getConditionDescription Invalid condition id : UX DEVICE CLASS RTOS Condition cause : null
2025-11-18 16:40:37,210 [WARN] ConditionMgr:438 - getConditionDescription Invalid condition id : UX DEVICE CLASS RTOS Condition cause : null
2025-11-18 16:40:37,212 [WARN] PackLoader:240 - Cannot read IP mode file for STMicroelectronics.X-CUBE-AZRTOS-WB.2.0.0
2025-11-18 16:40:37,212 [WARN] ConditionMgr:1044 - genDependencies : Invalid condition id : UX DEVICE CLASS RTOS Condition cause : null
2025-11-18 16:40:37,213 [WARN] ConditionMgr:1044 - genDependencies : Invalid condition id : UX DEVICE CLASS RTOS Condition cause : null
2025-11-18 16:40:37,213 [WARN] ConditionMgr:1044 - genDependencies : Invalid condition id : UX DEVICE CLASS RTOS Condition cause : null
2025-11-18 16:40:37,213 [WARN] ConditionMgr:1044 - genDependencies : Invalid condition id : UX DEVICE CLASS RTOS Condition cause : null
2025-11-18 16:40:37,213 [WARN] ConditionMgr:1044 - genDependencies : Invalid condition id : UX DEVICE CLASS RTOS Condition cause : null
2025-11-18 16:40:37,230 [WARN] PackLoader:240 - Cannot read IP mode file for STMicroelectronics.X-CUBE-GNSS1.7.0.0
2025-11-18 16:40:37,237 [WARN] PackLoader:240 - Cannot read IP mode file for STMicroelectronics.X-CUBE-GNSS1.7.0.1
2025-11-18 16:40:37,241 [WARN] PackLoader:240 - Cannot read IP mode file for STMicroelectronics.X-CUBE-TOUCHGFX.4.25.0
2025-11-18 16:40:37,247 [WARN] PackLoader:240 - Cannot read IP mode file for STMicroelectronics.FP-SNS-STBOX1.2.0.0
2025-11-18 16:40:37,256 [WARN] PackLoader:240 - Cannot read IP mode file for STMicroelectronics.X-CUBE-SUBG2.5.0.0
2025-11-18 16:40:37,273 [WARN] PackLoader:240 - Cannot read IP mode file for STMicroelectronics.X-CUBE-AZRTOS-H7RS.1.1.0
2025-11-18 16:40:37,279 [WARN] PackLoader:240 - Cannot read IP mode file for Cesanta.I-CUBE-Mongoose.7.13.0
2025-11-18 16:40:37,292 [WARN] PackLoader:240 - Cannot read IP mode file for STMicroelectronics.X-CUBE-AZRTOS-G4.2.0.0
2025-11-18 16:40:37,298 [WARN] PackLoader:240 - Cannot read IP mode file for STMicroelectronics.X-CUBE-NFC7.2.0.0
2025-11-18 16:40:37,307 [WARN] PackLoader:240 - Cannot read IP mode file for STMicroelectronics.X-CUBE-IPS.3.1.0
2025-11-18 16:40:37,314 [WARN] PackLoader:240 - Cannot read IP mode file for STMicroelectronics.X-CUBE-ALS.1.0.2
2025-11-18 16:40:37,317 [WARN] PackLoader:240 - Cannot read IP mode file for STMicroelectronics.X-CUBE-TOUCHGFX.4.24.2
2025-11-18 16:40:37,321 [WARN] PackLoader:240 - Cannot read IP mode file for STMicroelectronics.X-CUBE-TOUCHGFX.4.24.1
2025-11-18 16:40:37,327 [WARN] PackLoader:240 - Cannot read IP mode file for STMicroelectronics.X-CUBE-STSE01.1.0.0
2025-11-18 16:40:37,331 [WARN] PackLoader:240 - Cannot read IP mode file for wolfSSL.I-CUBE-wolfTPM.3.4.0
2025-11-18 16:40:37,337 [WARN] PackLoader:240 - Cannot read IP mode file for portGmbH.I-Cube-SoM-uGOAL.1.1.0
2025-11-18 16:40:37,348 [WARN] PackLoader:240 - Cannot read IP mode file for STMicroelectronics.X-CUBE-AZRTOS-H7RS.1.0.0
2025-11-18 16:40:37,353 [WARN] PackLoader:240 - Cannot read IP mode file for STMicroelectronics.FP-ATR-ASTRA1.2.0.0
2025-11-18 16:40:37,361 [WARN] PackLoader:240 - Cannot read IP mode file for STMicroelectronics.X-CUBE-TOF1.3.4.2
2025-11-18 16:40:37,377 [WARN] PackLoader:240 - Cannot read IP mode file for STMicroelectronics.X-CUBE-TOF1.3.4.3
2025-11-18 16:40:37,395 [WARN] PackLoader:240 - Cannot read IP mode file for wolfSSL.I-CUBE-wolfSSH.1.4.17
2025-11-18 16:40:37,396 [INFO] ThirdParty:978 - Integrity check success = true
2025-11-18 16:40:37,396 [INFO] IntegrityCheckThread:100 - exiting critical section [integrity check]
2025-11-18 16:40:37,396 [INFO] IntegrityCheckThread:103 - End integrity checks thread
2025-11-18 16:40:37,444 [INFO] WebApp:191 - Connection restablished
2025-11-18 16:40:37,832 [INFO] WebApp:225 - Starting web application
2025-11-18 16:40:37,833 [INFO] WebApp:593 - Web application path used C:\ST\STM32CubeIDE_1.16.1\STM32CubeIDE\plugins\com.st.stm32cube.common.mx_6.15.0.202507011659\db\plugins\mcufinder\reactClient1\index.html
2025-11-18 16:40:38,304 [INFO] UserAuth:487 - Internet connection configuration mode: 1
2025-11-18 16:40:53,557 [INFO] WebApp:194 - Connection lost
2025-11-18 16:40:53,755 [INFO] WebApp:191 - Connection restablished
2025-11-18 16:42:09,032 [INFO] WebApp:194 - Connection lost
2025-11-18 16:42:10,312 [INFO] WebApp:191 - Connection restablished
2025-11-18 16:42:13,542 [INFO] WebApp:194 - Connection lost
2025-11-18 16:42:13,747 [INFO] WebApp:191 - Connection restablished
2025-11-18 16:44:13,539 [INFO] WebApp:194 - Connection lost
2025-11-18 16:44:13,802 [INFO] WebApp:191 - Connection restablished
2025-11-18 16:44:27,549 [INFO] WebApp:194 - Connection lost
2025-11-18 16:44:27,949 [INFO] WebApp:191 - Connection restablished
2025-11-18 16:49:07,000 [ERROR] LogOutputStream:75 - [STDERR_REDIRECT] 
